2e710afaa278d5e82dc3c7bcf16df182f1f2f9a2.ts(1,31): error TS2749: '__typ0' refers to a value, but is being used as a type here. Did you mean 'typeof __typ0'?
2e710afaa278d5e82dc3c7bcf16df182f1f2f9a2.ts(1,49): error TS2749: '__typ0' refers to a value, but is being used as a type here. Did you mean 'typeof __typ0'?
2e710afaa278d5e82dc3c7bcf16df182f1f2f9a2.ts(1,62): error TS2749: '__typ0' refers to a value, but is being used as a type here. Did you mean 'typeof __typ0'?
2e710afaa278d5e82dc3c7bcf16df182f1f2f9a2.ts(9,31): error TS2749: '__typ0' refers to a value, but is being used as a type here. Did you mean 'typeof __typ0'?
2e710afaa278d5e82dc3c7bcf16df182f1f2f9a2.ts(9,44): error TS2749: '__typ0' refers to a value, but is being used as a type here. Did you mean 'typeof __typ0'?
2e710afaa278d5e82dc3c7bcf16df182f1f2f9a2.ts(9,57): error TS2749: '__typ0' refers to a value, but is being used as a type here. Did you mean 'typeof __typ0'?
2e710afaa278d5e82dc3c7bcf16df182f1f2f9a2.ts(13,22): error TS2304: Cannot find name '__typ0'.
2e710afaa278d5e82dc3c7bcf16df182f1f2f9a2.ts(19,13): error TS2304: Cannot find name '__typ0'.
2e710afaa278d5e82dc3c7bcf16df182f1f2f9a2.ts(47,24): error TS2304: Cannot find name '__typ0'.
2e710afaa278d5e82dc3c7bcf16df182f1f2f9a2.ts(47,37): error TS2304: Cannot find name '__typ0'.
2e710afaa278d5e82dc3c7bcf16df182f1f2f9a2.ts(47,48): error TS2304: Cannot find name '__typ0'.
