6ba3eaf1407bb074c40d7662a25ed394a2f9a744.ts(119,36): error TS2552: Cannot find name '__typ3'. Did you mean '__typ1'?
6ba3eaf1407bb074c40d7662a25ed394a2f9a744.ts(119,45): error TS2552: Cannot find name '__typ3'. Did you mean '__typ1'?
6ba3eaf1407bb074c40d7662a25ed394a2f9a744.ts(133,69): error TS2552: Cannot find name '__typ3'. Did you mean '__typ1'?
6ba3eaf1407bb074c40d7662a25ed394a2f9a744.ts(133,83): error TS2552: Cannot find name '__typ3'. Did you mean '__typ1'?
6ba3eaf1407bb074c40d7662a25ed394a2f9a744.ts(148,38): error TS2552: Cannot find name '__typ3'. Did you mean '__typ1'?
