7d20a6bf98621edc1620500bbee842b2e1dfa09e.ts(39,36): error TS2552: Cannot find name '__typ2'. Did you mean '__typ1'?
7d20a6bf98621edc1620500bbee842b2e1dfa09e.ts(41,37): error TS2552: Cannot find name '__typ2'. Did you mean '__typ1'?
7d20a6bf98621edc1620500bbee842b2e1dfa09e.ts(71,38): error TS2749: '__typ2' refers to a value, but is being used as a type here. Did you mean 'typeof __typ2'?
